==21827== Memcheck, a memory error detector
==21827== Copyright (C) 2002-2015, and GNU GPL'd, by Julian Seward et al.
==21827== Using Valgrind-3.11.0 and LibVEX; rerun with -h for copyright info
==21827== Command: ./echo_server
==21827== Parent PID: 17640
==21827== 
==21827== 
==21827== HEAP SUMMARY:
==21827==     in use at exit: 72,704 bytes in 1 blocks
==21827==   total heap usage: 5 allocs, 4 frees, 127,028 bytes allocated
==21827== 
==21827== 72,704 bytes in 1 blocks are still reachable in loss record 1 of 1
==21827==    at 0x4C2DB8F: malloc (in /usr/lib/valgrind/vgpreload_memcheck-amd64-linux.so)
==21827==    by 0x4EC3EFF: pool (eh_alloc.cc:117)
==21827==    by 0x4EC3EFF: __static_initialization_and_destruction_0 (eh_alloc.cc:244)
==21827==    by 0x4EC3EFF: _GLOBAL__sub_I_eh_alloc.cc (eh_alloc.cc:307)
==21827==    by 0x40106B9: call_init.part.0 (dl-init.c:72)
==21827==    by 0x40107CA: call_init (dl-init.c:30)
==21827==    by 0x40107CA: _dl_init (dl-init.c:120)
==21827==    by 0x4000C69: ??? (in /lib/x86_64-linux-gnu/ld-2.23.so)
==21827== 
==21827== LEAK SUMMARY:
==21827==    definitely lost: 0 bytes in 0 blocks
==21827==    indirectly lost: 0 bytes in 0 blocks
==21827==      possibly lost: 0 bytes in 0 blocks
==21827==    still reachable: 72,704 bytes in 1 blocks
==21827==         suppressed: 0 bytes in 0 blocks
==21827== 
==21827== For counts of detected and suppressed errors, rerun with: -v
==21827== ERROR SUMMARY: 0 errors from 0 contexts (suppressed: 0 from 0)
